<?xml version="1.0" encoding="UTF-8"?>
<!-- Generated by org.testng.reporters.JUnitReportReporter -->
<testsuite hostname="DESKTOP-4V3O4JG" failures="0" tests="1" name="com.crm.vtiger.LoginApplicationTest" time="19.195" errors="0" timestamp="2022-03-23T14:30:01 IST" skipped="0">
  <testcase classname="com.crm.vtiger.LoginApplicationTest" name="loginpage" time="19.195"/>
  <system-out/>
</testsuite> <!-- com.crm.vtiger.LoginApplicationTest -->
