<?xml version="1.0" encoding="UTF-8"?>
<!-- Generated by org.testng.reporters.JUnitReportReporter -->
<testsuite hostname="DESKTOP-4V3O4JG" failures="0" tests="1" name="com.crm.vtiger.ParameterTest" time="0.012" errors="0" timestamp="2022-03-23T12:46:07 IST" skipped="0">
  <testcase classname="com.crm.vtiger.ParameterTest" name="getdata" time="0.012"/>
  <system-out/>
</testsuite> <!-- com.crm.vtiger.ParameterTest -->
